2025-03-22 16:33:40,359 - INFO - Loading data from results\RawData-1.csv
2025-03-22 16:33:40,375 - INFO - Applying radius filter: 150000
2025-03-22 16:33:40,375 - INFO - Filtered out 0 rows exceeding the radius threshold.
2025-03-22 16:33:40,415 - INFO - Filtered data saved to results\Radius_Filtered_RawData-1.csv
2025-03-22 16:36:38,740 - INFO - Loading data from results\RawData-1.csv
2025-03-22 16:36:38,755 - INFO - Applying radius filter: 150000
2025-03-22 16:36:38,756 - INFO - Filtered out 0 rows exceeding the radius threshold.
2025-03-22 16:36:38,796 - INFO - Filtered data saved to results\Radius_Filtered_RawData-1.csv
2025-03-22 16:46:34,273 - INFO - Loading data from results\RawData-1.csv
2025-03-22 16:46:34,287 - INFO - Applying radius filter: 150000
2025-03-22 16:46:34,287 - INFO - Filtered out 0 rows exceeding the radius threshold.
2025-03-22 16:46:34,326 - INFO - Filtered data saved to results\Radius_Filtered_RawData-1.csv
2025-03-22 16:46:50,270 - INFO - Loading data from results\RawData-1.csv
2025-03-22 16:46:50,284 - INFO - Applying radius filter: 150000
2025-03-22 16:46:50,285 - INFO - Filtered out 0 rows exceeding the radius threshold.
2025-03-22 16:46:50,325 - INFO - Filtered data saved to results\Radius_Filtered_RawData-1.csv
2025-03-22 16:46:50,780 - INFO - Starting Zernike analysis
2025-03-22 16:46:50,783 - INFO - Processing UNIQUE_ID: VH075030_PTVB827_3GJPBVH.VH075P_PTXV821_2024-05-30 15:39:37_2024-05-30 17:17:40_B3N049.1_11_E1
2025-03-22 16:46:50,825 - INFO - Zernike coefficients saved to Fringe_Zernike_Coefficients.csv
2025-03-22 16:46:50,921 - INFO - Zernike Fitting 결과 저장 완료.
2025-03-22 20:53:54,567 - INFO - Loading data from results\RawData-1.csv
2025-03-22 20:53:54,581 - INFO - Applying radius filter: 150000
2025-03-22 20:53:54,583 - INFO - Filtered out 0 rows exceeding the radius threshold.
2025-03-22 20:53:54,614 - INFO - Filtered data saved to results\Radius_Filtered_RawData-1.csv
2025-03-22 20:53:54,979 - INFO - Starting Zernike analysis
2025-03-22 20:53:54,986 - INFO - Processing UNIQUE_ID: VH075030_PTVB827_3GJPBVH.VH075P_PTXV821_2024-05-30 15:39:37_2024-05-30 17:17:40_B3N049.1_11_E1
2025-03-22 20:53:55,028 - INFO - Zernike coefficients saved to Fringe_Zernike_Coefficients.csv
2025-03-22 20:53:55,092 - INFO - Zernike Fitting 결과 저장 완료.
2025-03-22 21:35:46,540 - INFO - Loading data from results\RawData-1.csv
2025-03-22 21:35:46,553 - INFO - Applying radius filter: 150000
2025-03-22 21:35:46,553 - INFO - Filtered out 0 rows exceeding the radius threshold.
2025-03-22 21:35:46,584 - INFO - Filtered data saved to results\Radius_Filtered_RawData-1.csv
2025-03-22 21:35:46,935 - INFO - Starting Zernike analysis
2025-03-22 21:35:46,938 - INFO - Processing UNIQUE_ID: VH075030_PTVB827_3GJPBVH.VH075P_PTXV821_2024-05-30 15:39:37_2024-05-30 17:17:40_B3N049.1_11_E1
2025-03-22 21:35:46,979 - INFO - Zernike coefficients saved to Fringe_Zernike_Coefficients.csv
2025-03-22 21:35:47,057 - INFO - Zernike Fitting 결과 저장 완료.
2025-03-22 22:03:25,143 - INFO - Loading data from results\RawData-1.csv
2025-03-22 22:03:25,156 - INFO - Applying radius filter: 150000
2025-03-22 22:03:25,157 - INFO - Filtered out 0 rows exceeding the radius threshold.
2025-03-22 22:03:25,189 - INFO - Filtered data saved to results\Radius_Filtered_RawData-1.csv
2025-03-22 22:11:59,355 - INFO - Loading data from results\RawData-1.csv
2025-03-22 22:11:59,367 - INFO - Applying radius filter: 150000
2025-03-22 22:11:59,369 - INFO - Filtered out 0 rows exceeding the radius threshold.
2025-03-22 22:11:59,400 - INFO - Filtered data saved to results\Radius_Filtered_RawData-1.csv
2025-03-22 22:13:00,252 - INFO - Loading data from results\RawData-1.csv
2025-03-22 22:13:00,264 - INFO - Applying radius filter: 150000
2025-03-22 22:13:00,265 - INFO - Filtered out 0 rows exceeding the radius threshold.
2025-03-22 22:13:00,294 - INFO - Filtered data saved to results\Radius_Filtered_RawData-1.csv
2025-03-22 22:15:58,788 - INFO - Loading data from results\RawData-1.csv
2025-03-22 22:15:58,976 - INFO - Applying radius filter: 150000
2025-03-22 22:15:58,977 - INFO - Filtered out 0 rows exceeding the radius threshold.
2025-03-22 22:15:59,008 - INFO - Filtered data saved to results\Radius_Filtered_RawData-1.csv
2025-03-22 22:15:59,366 - INFO - Starting Zernike analysis
2025-03-22 22:15:59,369 - INFO - Processing UNIQUE_ID: VH075030_PTVB827_3GJPBVH.VH075P_PTXV821_2024-05-30 15:39:37_2024-05-30 17:17:40_B3N049.1_11_E1
2025-03-22 22:15:59,413 - INFO - Zernike coefficients saved to Fringe_Zernike_Coefficients.csv
2025-03-22 22:15:59,491 - INFO - Zernike Fitting 결과 저장 완료.
2025-03-22 22:16:08,641 - INFO - Loading data from results\RawData-1.csv
2025-03-22 22:16:08,654 - INFO - Applying radius filter: 150000
2025-03-22 22:16:08,655 - INFO - Filtered out 0 rows exceeding the radius threshold.
2025-03-22 22:16:08,687 - INFO - Filtered data saved to results\Radius_Filtered_RawData-1.csv
2025-03-22 22:16:09,046 - INFO - Starting Zernike analysis
2025-03-22 22:16:09,049 - INFO - Processing UNIQUE_ID: VH075030_PTVB827_3GJPBVH.VH075P_PTXV821_2024-05-30 15:39:37_2024-05-30 17:17:40_B3N049.1_11_E1
2025-03-22 22:16:09,089 - INFO - Zernike coefficients saved to Fringe_Zernike_Coefficients.csv
2025-03-22 22:16:09,167 - INFO - Zernike Fitting 결과 저장 완료.
2025-03-22 22:16:44,036 - INFO - Loading data from results\RawData-1.csv
2025-03-22 22:16:44,048 - INFO - Applying radius filter: 150000
2025-03-22 22:16:44,049 - INFO - Filtered out 0 rows exceeding the radius threshold.
2025-03-22 22:16:44,080 - INFO - Filtered data saved to results\Radius_Filtered_RawData-1.csv
2025-03-22 22:16:44,426 - INFO - Starting Zernike analysis
2025-03-22 22:16:44,428 - INFO - Processing UNIQUE_ID: VH075030_PTVB827_3GJPBVH.VH075P_PTXV821_2024-05-30 15:39:37_2024-05-30 17:17:40_B3N049.1_11_E1
2025-03-22 22:16:44,470 - INFO - Zernike coefficients saved to Fringe_Zernike_Coefficients.csv
2025-03-22 22:16:44,549 - INFO - Zernike Fitting 결과 저장 완료.
2025-03-22 22:16:51,564 - INFO - Loading data from results\RawData-1.csv
2025-03-22 22:16:51,577 - INFO - Applying radius filter: 150000
2025-03-22 22:16:51,577 - INFO - Filtered out 0 rows exceeding the radius threshold.
2025-03-22 22:16:51,609 - INFO - Filtered data saved to results\Radius_Filtered_RawData-1.csv
2025-03-22 22:17:01,231 - INFO - Loading data from results\RawData-1.csv
2025-03-22 22:17:01,244 - INFO - Applying radius filter: 150000
2025-03-22 22:17:01,245 - INFO - Filtered out 0 rows exceeding the radius threshold.
2025-03-22 22:17:01,277 - INFO - Filtered data saved to results\Radius_Filtered_RawData-1.csv
2025-03-22 22:19:17,520 - INFO - Loading data from results\RawData-1.csv
2025-03-22 22:19:17,533 - INFO - Applying radius filter: 150000
2025-03-22 22:19:17,533 - INFO - Filtered out 0 rows exceeding the radius threshold.
2025-03-22 22:19:17,564 - INFO - Filtered data saved to results\Radius_Filtered_RawData-1.csv
2025-03-22 22:19:17,905 - INFO - Starting Zernike analysis
2025-03-22 22:19:17,907 - INFO - Processing UNIQUE_ID: VH075030_PTVB827_3GJPBVH.VH075P_PTXV821_2024-05-30 15:39:37_2024-05-30 17:17:40_B3N049.1_11_E1
2025-03-22 22:19:17,949 - INFO - Zernike coefficients saved to Fringe_Zernike_Coefficients.csv
2025-03-22 22:19:18,024 - INFO - Zernike Fitting 결과 저장 완료.
2025-03-23 00:25:21,557 - INFO - Loading data from results\RawData-1.csv
2025-03-23 00:25:21,571 - INFO - Applying radius filter: 150000
2025-03-23 00:25:21,573 - INFO - Filtered out 0 rows exceeding the radius threshold.
2025-03-23 00:25:21,604 - INFO - Filtered data saved to results\Radius_Filtered_RawData-1.csv
2025-03-23 00:25:21,980 - INFO - Starting Zernike analysis
2025-03-23 00:25:21,983 - INFO - Processing UNIQUE_ID: VH075030_PTVB827_3GJPBVH.VH075P_PTXV821_2024-05-30 15:39:37_2024-05-30 17:17:40_B3N049.1_11_E1
2025-03-23 00:25:22,025 - INFO - Zernike coefficients saved to Fringe_Zernike_Coefficients.csv
2025-03-23 00:25:22,105 - INFO - Zernike Fitting 결과 저장 완료.
2025-03-23 00:25:48,724 - INFO - Loading data from results\RawData-1.csv
2025-03-23 00:25:48,738 - INFO - Applying radius filter: 150000
2025-03-23 00:25:48,738 - INFO - Filtered out 0 rows exceeding the radius threshold.
2025-03-23 00:25:48,770 - INFO - Filtered data saved to results\Radius_Filtered_RawData-1.csv
2025-03-23 00:26:58,230 - INFO - Loading data from results\RawData-1.csv
2025-03-23 00:26:58,248 - INFO - Applying radius filter: 150000
2025-03-23 00:26:58,249 - INFO - Filtered out 0 rows exceeding the radius threshold.
2025-03-23 00:26:58,281 - INFO - Filtered data saved to results\Radius_Filtered_RawData-1.csv
2025-03-23 00:26:58,706 - INFO - Starting Zernike analysis
2025-03-23 00:26:58,709 - INFO - Processing UNIQUE_ID: VH075030_PTVB827_3GJPBVH.VH075P_PTXV821_2024-05-30 15:39:37_2024-05-30 17:17:40_B3N049.1_11_E1
2025-03-23 00:26:58,751 - INFO - Zernike coefficients saved to Fringe_Zernike_Coefficients.csv
2025-03-23 00:26:58,830 - INFO - Zernike Fitting 결과 저장 완료.
2025-03-23 00:34:40,645 - INFO - Loading data from results\RawData-1.csv
2025-03-23 00:34:40,661 - INFO - Applying radius filter: 150000
2025-03-23 00:34:40,661 - INFO - Filtered out 0 rows exceeding the radius threshold.
2025-03-23 00:34:40,696 - INFO - Filtered data saved to results\Radius_Filtered_RawData-1.csv
2025-03-23 00:34:41,067 - INFO - Starting Zernike analysis
2025-03-23 00:34:41,069 - INFO - Processing UNIQUE_ID: VH075030_PTVB827_3GJPBVH.VH075P_PTXV821_2024-05-30 15:39:37_2024-05-30 17:17:40_B3N049.1_11_E1
2025-03-23 00:34:41,111 - INFO - Zernike coefficients saved to Fringe_Zernike_Coefficients.csv
2025-03-23 00:34:41,199 - INFO - Zernike Fitting 결과 저장 완료.
2025-03-23 00:35:43,631 - INFO - Loading data from results\RawData-1.csv
2025-03-23 00:35:43,646 - INFO - Applying radius filter: 150000
2025-03-23 00:35:43,647 - INFO - Filtered out 0 rows exceeding the radius threshold.
2025-03-23 00:35:43,682 - INFO - Filtered data saved to results\Radius_Filtered_RawData-1.csv
2025-03-23 00:35:44,052 - INFO - Starting Zernike analysis
2025-03-23 00:35:44,054 - INFO - Processing UNIQUE_ID: VH075030_PTVB827_3GJPBVH.VH075P_PTXV821_2024-05-30 15:39:37_2024-05-30 17:17:40_B3N049.1_11_E1
2025-03-23 00:35:44,094 - INFO - Zernike coefficients saved to Fringe_Zernike_Coefficients.csv
2025-03-23 00:35:44,201 - INFO - Zernike Fitting 결과 저장 완료.
2025-03-23 00:56:54,467 - INFO - Loading data from results\RawData-1.csv
2025-03-23 00:56:54,482 - INFO - Applying radius filter: 150000
2025-03-23 00:56:54,483 - INFO - Filtered out 0 rows exceeding the radius threshold.
2025-03-23 00:56:54,514 - INFO - Filtered data saved to results\Radius_Filtered_RawData-1.csv
2025-03-23 00:56:54,866 - INFO - Starting Zernike analysis
2025-03-23 00:56:54,869 - INFO - Processing UNIQUE_ID: VH075030_PTVB827_3GJPBVH.VH075P_PTXV821_2024-05-30 15:39:37_2024-05-30 17:17:40_B3N049.1_11_E1
2025-03-23 00:56:54,910 - INFO - Zernike coefficients saved to Fringe_Zernike_Coefficients.csv
2025-03-23 00:56:54,989 - INFO - Zernike Fitting 결과 저장 완료.
2025-03-23 01:29:08,461 - INFO - Loading data from results\RawData-1.csv
2025-03-23 01:29:08,475 - INFO - Applying radius filter: 150000
2025-03-23 01:29:08,476 - INFO - Filtered out 0 rows exceeding the radius threshold.
2025-03-23 01:29:08,513 - INFO - Filtered data saved to results\Radius_Filtered_RawData-1.csv
2025-03-23 01:29:08,883 - INFO - Starting Zernike analysis
2025-03-23 01:29:08,886 - INFO - Processing UNIQUE_ID: VH075030_PTVB827_3GJPBVH.VH075P_PTXV821_2024-05-30 15:39:37_2024-05-30 17:17:40_B3N049.1_11_E1
2025-03-23 01:29:08,929 - INFO - Zernike coefficients saved to Fringe_Zernike_Coefficients.csv
2025-03-23 01:29:09,008 - INFO - Zernike Fitting 결과 저장 완료.
2025-03-23 01:30:15,648 - INFO - Loading data from results\RawData-1.csv
2025-03-23 01:30:15,660 - INFO - Applying radius filter: 150000
2025-03-23 01:30:15,661 - INFO - Filtered out 0 rows exceeding the radius threshold.
2025-03-23 01:30:15,692 - INFO - Filtered data saved to results\Radius_Filtered_RawData-1.csv
2025-03-23 01:30:16,031 - INFO - Starting Zernike analysis
2025-03-23 01:30:16,034 - INFO - Processing UNIQUE_ID: VH075030_PTVB827_3GJPBVH.VH075P_PTXV821_2024-05-30 15:39:37_2024-05-30 17:17:40_B3N049.1_11_E1
2025-03-23 01:30:16,075 - INFO - Zernike coefficients saved to Fringe_Zernike_Coefficients.csv
2025-03-23 01:30:16,151 - INFO - Zernike Fitting 결과 저장 완료.
2025-03-23 01:37:01,038 - INFO - Loading data from results\RawData-1.csv
2025-03-23 01:37:01,051 - INFO - Applying radius filter: 150000
2025-03-23 01:37:01,052 - INFO - Filtered out 0 rows exceeding the radius threshold.
2025-03-23 01:37:01,084 - INFO - Filtered data saved to results\Radius_Filtered_RawData-1.csv
2025-03-23 01:37:01,446 - INFO - Starting Zernike analysis
2025-03-23 01:37:01,448 - INFO - Processing UNIQUE_ID: VH075030_PTVB827_3GJPBVH.VH075P_PTXV821_2024-05-30 15:39:37_2024-05-30 17:17:40_B3N049.1_11_E1
2025-03-23 01:37:01,493 - INFO - Zernike coefficients saved to Fringe_Zernike_Coefficients.csv
2025-03-23 01:37:01,572 - INFO - Zernike Fitting 결과 저장 완료.
2025-03-23 02:55:06,440 - INFO - Loading data from results\RawData-1.csv
2025-03-23 02:55:06,453 - INFO - Applying radius filter: 150000
2025-03-23 02:55:06,454 - INFO - Filtered out 0 rows exceeding the radius threshold.
2025-03-23 02:55:06,485 - INFO - Filtered data saved to results\Radius_Filtered_RawData-1.csv
2025-03-23 02:55:06,844 - INFO - Starting Zernike analysis
2025-03-23 02:55:06,846 - INFO - Processing UNIQUE_ID: VH075030_PTVB827_3GJPBVH.VH075P_PTXV821_2024-05-30 15:39:37_2024-05-30 17:17:40_B3N049.1_11_E1
2025-03-23 02:55:06,887 - INFO - Zernike coefficients saved to Fringe_Zernike_Coefficients.csv
2025-03-23 02:55:06,967 - INFO - Zernike Fitting 결과 저장 완료.
2025-04-09 22:52:21,552 - INFO - Loading data from results\RawData-1.csv
2025-04-09 22:52:21,565 - INFO - Applying radius filter: 150000
2025-04-09 22:52:21,565 - INFO - Filtered out 0 rows exceeding the radius threshold.
2025-04-09 22:52:21,597 - INFO - Filtered data saved to results\Radius_Filtered_RawData-1.csv
2025-04-09 22:52:21,960 - INFO - Starting Zernike analysis
2025-04-09 22:52:21,962 - INFO - Processing UNIQUE_ID: VH075030_PTVB827_3GJPBVH.VH075P_PTXV821_2024-05-30 15:39:37_2024-05-30 17:17:40_B3N049.1_11_E1
2025-04-09 22:52:22,003 - INFO - Zernike coefficients saved to Fringe_Zernike_Coefficients.csv
2025-04-09 22:52:22,078 - INFO - Zernike Fitting 결과 저장 완료.
2025-04-09 23:03:20,066 - INFO - Loading data from results\RawData-1.csv
2025-04-09 23:03:20,079 - INFO - Applying radius filter: 150000
2025-04-09 23:03:20,080 - INFO - Filtered out 0 rows exceeding the radius threshold.
2025-04-09 23:03:20,111 - INFO - Filtered data saved to results\Radius_Filtered_RawData-1.csv
2025-04-09 23:03:20,469 - INFO - Starting Zernike analysis
2025-04-09 23:03:20,472 - INFO - Processing UNIQUE_ID: VH075030_PTVB827_3GJPBVH.VH075P_PTXV821_2024-05-30 15:39:37_2024-05-30 17:17:40_B3N049.1_11_E1
2025-04-09 23:03:20,512 - INFO - Zernike coefficients saved to Fringe_Zernike_Coefficients.csv
2025-04-09 23:03:20,590 - INFO - Zernike Fitting 결과 저장 완료.
2025-04-09 23:11:13,169 - INFO - Loading data from results\RawData-1.csv
2025-04-09 23:11:13,184 - INFO - Applying radius filter: 150000
2025-04-09 23:11:13,185 - INFO - Filtered out 0 rows exceeding the radius threshold.
2025-04-09 23:11:13,226 - INFO - Filtered data saved to results\Radius_Filtered_RawData-1.csv
2025-04-09 23:11:13,816 - INFO - Starting Zernike analysis
2025-04-09 23:11:13,819 - INFO - Processing UNIQUE_ID: VH075030_PTVB827_3GJPBVH.VH075P_-_2024-05-30 15:39:37_2024-05-30 17:17:40_B3N049.1_11_E1
2025-04-09 23:11:13,857 - INFO - Processing UNIQUE_ID: WF075030_PTVP841_5G4PPWF.WF075P_-_2024-07-16 23:04:19_2024-07-16 23:55:04_PDS211.1_11_E1
2025-04-09 23:11:13,892 - INFO - Zernike coefficients saved to Fringe_Zernike_Coefficients.csv
2025-04-09 23:11:13,993 - INFO - Zernike Fitting 결과 저장 완료.
2025-04-09 23:20:08,832 - INFO - Loading data from results\RawData-1.csv
2025-04-09 23:20:08,850 - INFO - Applying radius filter: 150000
2025-04-09 23:20:08,851 - INFO - Filtered out 0 rows exceeding the radius threshold.
2025-04-09 23:20:08,894 - INFO - Filtered data saved to results\Radius_Filtered_RawData-1.csv
2025-04-09 23:20:09,497 - INFO - Starting Zernike analysis
2025-04-09 23:20:09,501 - INFO - Processing UNIQUE_ID: VH075030_PTVB827_3GJPBVH.VH075P_-_2024-05-30 15:39:37_2024-05-30 17:17:40_B3N049.1_11_E1
2025-04-09 23:20:09,541 - INFO - Processing UNIQUE_ID: WF075030_PTVP841_5G4PPWF.WF075P_-_2024-07-16 23:04:19_2024-07-16 23:55:04_PDS211.1_11_E1
2025-04-09 23:20:09,577 - INFO - Zernike coefficients saved to Fringe_Zernike_Coefficients.csv
2025-04-09 23:20:09,678 - INFO - Zernike Fitting 결과 저장 완료.
2025-04-09 23:24:28,464 - INFO - Loading data from results\RawData-1.csv
2025-04-09 23:24:28,480 - INFO - Applying radius filter: 150000
2025-04-09 23:24:28,481 - INFO - Filtered out 0 rows exceeding the radius threshold.
2025-04-09 23:24:28,522 - INFO - Filtered data saved to results\Radius_Filtered_RawData-1.csv
2025-04-09 23:24:29,108 - INFO - Starting Zernike analysis
2025-04-09 23:24:29,110 - INFO - Processing UNIQUE_ID: VH075030_PTVB827_3GJPBVH.VH075P_-_2024-05-30 15:39:37_2024-05-30 17:17:40_B3N049.1_11_E1
2025-04-09 23:24:29,149 - INFO - Processing UNIQUE_ID: WF075030_PTVP841_5G4PPWF.WF075P_-_2024-07-16 23:04:19_2024-07-16 23:55:04_PDS211.1_11_E1
2025-04-09 23:24:29,185 - INFO - Zernike coefficients saved to Fringe_Zernike_Coefficients.csv
2025-04-09 23:24:29,288 - INFO - Zernike Fitting 결과 저장 완료.
2025-04-10 01:42:36,969 - INFO - Loading data from results\RawData-1.csv
2025-04-10 01:42:36,983 - INFO - Applying radius filter: 150000
2025-04-10 01:42:36,984 - INFO - Filtered out 0 rows exceeding the radius threshold.
2025-04-10 01:42:37,027 - INFO - Filtered data saved to results\Radius_Filtered_RawData-1.csv
2025-04-10 01:42:37,649 - INFO - Starting Zernike analysis
2025-04-10 01:42:37,652 - INFO - Processing UNIQUE_ID: VH075030_PTVB827_3GJPBVH.VH075P_-_2024-05-30 15:39:37_2024-05-30 17:17:40_B3N049.1_11_E1
2025-04-10 01:42:37,690 - INFO - Processing UNIQUE_ID: WF075030_PTVP841_5G4PPWF.WF075P_-_2024-07-16 23:04:19_2024-07-16 23:55:04_PDS211.1_11_E1
2025-04-10 01:42:37,729 - INFO - Zernike coefficients saved to Fringe_Zernike_Coefficients.csv
2025-04-10 01:42:37,831 - INFO - Zernike Fitting 결과 저장 완료.
2025-04-10 01:45:24,915 - INFO - Loading data from results\RawData-1.csv
2025-04-10 01:45:24,931 - INFO - Applying radius filter: 150000
2025-04-10 01:45:24,932 - INFO - Filtered out 0 rows exceeding the radius threshold.
2025-04-10 01:45:24,973 - INFO - Filtered data saved to results\Radius_Filtered_RawData-1.csv
2025-04-10 01:45:25,566 - INFO - Starting Zernike analysis
2025-04-10 01:45:25,568 - INFO - Processing UNIQUE_ID: VH075030_PTVB827_3GJPBVH.VH075P_-_2024-05-30 15:39:37_2024-05-30 17:17:40_B3N049.1_11_E1
2025-04-10 01:45:25,607 - INFO - Processing UNIQUE_ID: WF075030_PTVP841_5G4PPWF.WF075P_-_2024-07-16 23:04:19_2024-07-16 23:55:04_PDS211.1_11_E1
2025-04-10 01:45:25,643 - INFO - Zernike coefficients saved to Fringe_Zernike_Coefficients.csv
2025-04-10 01:45:25,742 - INFO - Zernike Fitting 결과 저장 완료.
2025-04-10 01:47:12,354 - INFO - Loading data from results\RawData-1.csv
2025-04-10 01:47:12,369 - INFO - Applying radius filter: 150000
2025-04-10 01:47:12,369 - INFO - Filtered out 0 rows exceeding the radius threshold.
2025-04-10 01:47:12,414 - INFO - Filtered data saved to results\Radius_Filtered_RawData-1.csv
2025-04-10 01:47:13,025 - INFO - Starting Zernike analysis
2025-04-10 01:47:13,028 - INFO - Processing UNIQUE_ID: VH075030_PTVB827_3GJPBVH.VH075P_-_2024-05-30 15:39:37_2024-05-30 17:17:40_B3N049.1_11_E1
2025-04-10 01:47:13,067 - INFO - Processing UNIQUE_ID: WF075030_PTVP841_5G4PPWF.WF075P_-_2024-07-16 23:04:19_2024-07-16 23:55:04_PDS211.1_11_E1
2025-04-10 01:47:13,103 - INFO - Zernike coefficients saved to Fringe_Zernike_Coefficients.csv
2025-04-10 01:47:13,216 - INFO - Zernike Fitting 결과 저장 완료.
2025-04-10 02:03:54,992 - INFO - Loading data from results\RawData-1.csv
2025-04-10 02:03:55,008 - INFO - Applying radius filter: 150000
2025-04-10 02:03:55,009 - INFO - Filtered out 0 rows exceeding the radius threshold.
2025-04-10 02:03:55,057 - INFO - Filtered data saved to results\Radius_Filtered_RawData-1.csv
2025-04-10 02:03:55,680 - INFO - Starting Zernike analysis
2025-04-10 02:03:55,682 - INFO - Processing UNIQUE_ID: VH075030_PTVB827_3GJPBVH.VH075P_-_2024-05-30 15:39:37_2024-05-30 17:17:40_B3N049.1_11_E1
2025-04-10 02:03:55,720 - INFO - Processing UNIQUE_ID: WF075030_PTVP841_5G4PPWF.WF075P_-_2024-07-16 23:04:19_2024-07-16 23:55:04_PDS211.1_11_E1
2025-04-10 02:03:55,755 - INFO - Zernike coefficients saved to Fringe_Zernike_Coefficients.csv
2025-04-10 02:03:55,891 - INFO - Zernike Fitting 결과 저장 완료.
2025-04-10 02:05:19,902 - INFO - Loading data from results\RawData-1.csv
2025-04-10 02:05:19,918 - INFO - Applying radius filter: 150000
2025-04-10 02:05:19,919 - INFO - Filtered out 0 rows exceeding the radius threshold.
2025-04-10 02:05:19,964 - INFO - Filtered data saved to results\Radius_Filtered_RawData-1.csv
2025-04-10 02:05:20,593 - INFO - Starting Zernike analysis
2025-04-10 02:05:20,596 - INFO - Processing UNIQUE_ID: VH075030_PTVB827_3GJPBVH.VH075P_-_2024-05-30 15:39:37_2024-05-30 17:17:40_B3N049.1_11_E1
2025-04-10 02:05:20,635 - INFO - Processing UNIQUE_ID: WF075030_PTVP841_5G4PPWF.WF075P_-_2024-07-16 23:04:19_2024-07-16 23:55:04_PDS211.1_11_E1
2025-04-10 02:05:20,671 - INFO - Zernike coefficients saved to Fringe_Zernike_Coefficients.csv
2025-04-10 02:05:20,770 - INFO - Zernike Fitting 결과 저장 완료.
2025-04-11 20:47:45,678 - INFO - Loading data from results\RawData-1.csv
2025-04-11 20:47:45,693 - INFO - Applying radius filter: 150000
2025-04-11 20:47:45,694 - INFO - Filtered out 0 rows exceeding the radius threshold.
2025-04-11 20:47:45,736 - INFO - Filtered data saved to results\Radius_Filtered_RawData-1.csv
2025-04-11 20:47:46,362 - INFO - Starting Zernike analysis
2025-04-11 20:47:46,365 - INFO - Processing UNIQUE_ID: VH075030_PTVB827_3GJPBVH.VH075P_-_2024-05-30 15:39:37_2024-05-30 17:17:40_B3N049.1_11_E1
2025-04-11 20:47:46,404 - INFO - Processing UNIQUE_ID: WF075030_PTVP841_5G4PPWF.WF075P_-_2024-07-16 23:04:19_2024-07-16 23:55:04_PDS211.1_11_E1
2025-04-11 20:47:46,442 - INFO - Zernike coefficients saved to Fringe_Zernike_Coefficients.csv
2025-04-11 20:47:46,539 - INFO - Zernike Fitting 결과 저장 완료.
